<?xml version="1.0" encoding="UTF-8"?>
<testsuite xmlns:xsi="http://www.w3.org/2001/XMLSchema-instance" xsi:noNamespaceSchemaLocation="https://maven.apache.org/surefire/maven-surefire-plugin/xsd/surefire-test-report.xsd" name="ru.mail.horo.HoroMailAlign_Test" time="49.651" tests="2" errors="0" skipped="0" failures="0">
  <properties>
[...]
</properties>
  <testcase name="Test2" classname="ru.mail.horo.HoroMailAlign_Test" time="45.433"/>
  <testcase name="Test" classname="ru.mail.horo.HoroMailAlign_Test" time="49.651"/>
</testsuite>